> Task :gradle:checkKotlinGradlePluginConfigurationErrors SKIPPED
> Task :gradle:compileKotlin UP-TO-DATE
> Task :gradle:compileJava NO-SOURCE
> Task :gradle:compileGroovy NO-SOURCE
> Task :gradle:pluginDescriptors UP-TO-DATE
> Task :gradle:processResources
> Task :gradle:classes
> Task :gradle:jar
> Task :app:ReleaseMinSdkCheck
> Task :app:compileFlutterBuildRelease
> Task :app:packJniLibsflutterBuildRelease
> Task :app:preBuild UP-TO-DATE
> Task :app:preReleaseBuild UP-TO-DATE
> Task :app:configureCMakeRelease[arm64-v8a]
> Task :app:buildCMakeRelease[arm64-v8a]
> Task :app:configureCMakeRelease[armeabi-v7a]
> Task :app:buildCMakeRelease[armeabi-v7a]
> Task :app:configureCMakeRelease[x86_64]
> Task :app:buildCMakeRelease[x86_64]
> Task :app:mergeReleaseJniLibFolders UP-TO-DATE
> Task :path_provider_android:preBuild UP-TO-DATE
> Task :path_provider_android:preReleaseBuild UP-TO-DATE
> Task :path_provider_android:mergeReleaseJniLibFolders UP-TO-DATE
> Task :path_provider_android:mergeReleaseNativeLibs NO-SOURCE
> Task :path_provider_android:copyReleaseJniLibsProjectOnly UP-TO-DATE
> Task :receive_sharing_intent:preBuild UP-TO-DATE
> Task :receive_sharing_intent:preReleaseBuild UP-TO-DATE
> Task :receive_sharing_intent:mergeReleaseJniLibFolders UP-TO-DATE
> Task :receive_sharing_intent:mergeReleaseNativeLibs NO-SOURCE
> Task :receive_sharing_intent:copyReleaseJniLibsProjectOnly UP-TO-DATE
> Task :share_plus:preBuild UP-TO-DATE
> Task :share_plus:preReleaseBuild UP-TO-DATE
> Task :share_plus:mergeReleaseJniLibFolders UP-TO-DATE
> Task :share_plus:mergeReleaseNativeLibs NO-SOURCE
> Task :share_plus:copyReleaseJniLibsProjectOnly UP-TO-DATE
> Task :url_launcher_android:preBuild UP-TO-DATE
> Task :url_launcher_android:preReleaseBuild UP-TO-DATE
> Task :url_launcher_android:mergeReleaseJniLibFolders UP-TO-DATE
> Task :url_launcher_android:mergeReleaseNativeLibs NO-SOURCE
> Task :url_launcher_android:copyReleaseJniLibsProjectOnly UP-TO-DATE
> Task :app:mergeReleaseNativeLibs UP-TO-DATE
> Task :app:stripReleaseDebugSymbols UP-TO-DATE
> Task :path_provider_android:generateReleaseResValues UP-TO-DATE
> Task :path_provider_android:generateReleaseResources UP-TO-DATE
> Task :path_provider_android:packageReleaseResources UP-TO-DATE
> Task :path_provider_android:parseReleaseLocalResources UP-TO-DATE
> Task :path_provider_android:generateReleaseRFile UP-TO-DATE
> Task :path_provider_android:javaPreCompileRelease UP-TO-DATE
> Task :path_provider_android:compileReleaseJavaWithJavac UP-TO-DATE
> Task :path_provider_android:mergeReleaseGeneratedProguardFiles UP-TO-DATE
> Task :path_provider_android:exportReleaseConsumerProguardFiles UP-TO-DATE
> Task :receive_sharing_intent:checkKotlinGradlePluginConfigurationErrors SKIPPED
> Task :receive_sharing_intent:generateReleaseResValues UP-TO-DATE
> Task :receive_sharing_intent:generateReleaseResources UP-TO-DATE
> Task :receive_sharing_intent:packageReleaseResources UP-TO-DATE
> Task :receive_sharing_intent:parseReleaseLocalResources UP-TO-DATE
> Task :receive_sharing_intent:generateReleaseRFile UP-TO-DATE
> Task :receive_sharing_intent:compileReleaseKotlin FAILED
> Task :app:extractReleaseNativeSymbolTables

[Incubating] Problems report is available at: file:///D:/projects/link-keeper/link_keeper/build/reports/problems/problems-report.html
.\gradlew : 
At line:1 char:13
+ cd android; .\gradlew assembleRelease 
2>&1 | Out-File -FilePath build ...
+             
~~~~~~~~~~~~~~~~~~~~~~~~~~~~~~
    + CategoryInfo          : NotSpecified 
   : (:String) [], RemoteException
    + FullyQualifiedErrorId : NativeComman 
   dError
 
FAILURE: Build failed with an exception.

* What went wrong:
Execution failed for task ':receive_sharing
_intent:compileReleaseKotlin'.
> Inconsistent JVM Target Compatibility 
Between Java and Kotlin Tasks
    Inconsistent JVM Target Compatibility 
Between Java and Kotlin Tasks
      Inconsistent JVM-target 
compatibility detected for tasks 
'compileReleaseJavaWithJavac' (1.8) and 
'compileReleaseKotlin' (17).

* Try:
> Consider using JVM Toolchain: 
https://kotl.in/gradle/jvm/toolchain
> Run with --scan to get full insights.

Deprecated Gradle features were used in this build, making it incompatible with Gradle 9.0.

You can use '--warning-mode all' to show the individual deprecation warnings and determine if they come from your own scripts or plugins.

For more on this, please refer to https://docs.gradle.org/8.14/userguide/command_line_interface.html#sec:command_line_warnings in the Gradle documentation.

BUILD FAILED in 34s
40 actionable tasks: 13 executed, 27 up-to-date
